<?xml version="1.0" encoding="UTF-8"?>
<!-- Generated by org.testng.reporters.JUnitXMLReporter -->
<testsuite ignored="1" hostname="sivareddy" failures="2" tests="12" name="Default test" time="0.562" errors="0" timestamp="2020-05-07T12:17:45 IST">
  <testcase classname="test.day4" name="LoginAPIHomeLoan" time="0.031"/>
  <testcase classname="test.day4" name="MobileLoginHomeLoan" time="0.013"/>
  <testcase classname="test.day4" name="WebloginHomeLoan" time="0.0">
    <failure type="org.testng.TestNGException" message="
Parameter &amp;apos;URL&amp;apos; is required by @Test on method WebloginHomeLoan but has not been marked @Optional or defined
in C:\Users\Welcome\AppData\Local\Temp\testng-eclipse-217843695\testng-customsuite.xml">
      <![CDATA[org.testng.TestNGException: 
Parameter 'URL' is required by @Test on method WebloginHomeLoan but has not been marked @Optional or defined
in C:\Users\Welcome\AppData\Local\Temp\testng-eclipse-217843695\testng-customsuite.xml
at org.testng.internal.Parameters.createParams(Parameters.java:289)
at org.testng.internal.Parameters.createParametersForMethod(Parameters.java:377)
at org.testng.internal.Parameters.createParameters(Parameters.java:721)
at org.testng.internal.Parameters.handleParameters(Parameters.java:895)
at org.testng.internal.Parameters.handleParameters(Parameters.java:762)
at org.testng.internal.ParameterHandler.handleParameters(ParameterHandler.java:60)
at org.testng.internal.ParameterHandler.createParameters(ParameterHandler.java:39)
at org.testng.internal.TestInvoker$MethodInvocationAgent.invoke(TestInvoker.java:771)
at org.testng.internal.TestInvoker.invokeTestMethods(TestInvoker.java:145)
at org.testng.internal.TestMethodWorker.invokeTestMethods(TestMethodWorker.java:146)
at org.testng.internal.TestMethodWorker.run(TestMethodWorker.java:128)
at java.base/java.util.ArrayList.forEach(ArrayList.java:1507)
at org.testng.TestRunner.privateRun(TestRunner.java:770)
at org.testng.TestRunner.run(TestRunner.java:591)
at org.testng.SuiteRunner.runTest(SuiteRunner.java:402)
at org.testng.SuiteRunner.runSequentially(SuiteRunner.java:396)
at org.testng.SuiteRunner.privateRun(SuiteRunner.java:355)
at org.testng.SuiteRunner.run(SuiteRunner.java:304)
at org.testng.SuiteRunnerWorker.runSuite(SuiteRunnerWorker.java:53)
at org.testng.SuiteRunnerWorker.run(SuiteRunnerWorker.java:96)
at org.testng.TestNG.runSuitesSequentially(TestNG.java:1180)
at org.testng.TestNG.runSuitesLocally(TestNG.java:1102)
at org.testng.TestNG.runSuites(TestNG.java:1032)
at org.testng.TestNG.run(TestNG.java:1000)
at org.testng.remote.AbstractRemoteTestNG.run(AbstractRemoteTestNG.java:115)
at org.testng.remote.RemoteTestNG.initAndRun(RemoteTestNG.java:251)
at org.testng.remote.RemoteTestNG.main(RemoteTestNG.java:77)
]]>
    </failure>
  </testcase> <!-- WebloginHomeLoan -->
  <testcase classname="test.day3" name="MobilesignoutcarLoan" time="0.01"/>
  <testcase classname="test.day3" name="MobilesignoutcarLoan" time="0.008"/>
  <testcase classname="test.day3" name="MobilesignoutcarLoan" time="0.012"/>
  <testcase classname="test.day3" name="WebloginCarLoan" time="0.0">
    <failure type="org.testng.TestNGException" message="
Parameter &amp;apos;URL&amp;apos; is required by @Test on method WebloginCarLoan but has not been marked @Optional or defined
in C:\Users\Welcome\AppData\Local\Temp\testng-eclipse-217843695\testng-customsuite.xml">
      <![CDATA[org.testng.TestNGException: 
Parameter 'URL' is required by @Test on method WebloginCarLoan but has not been marked @Optional or defined
in C:\Users\Welcome\AppData\Local\Temp\testng-eclipse-217843695\testng-customsuite.xml
at org.testng.internal.Parameters.createParams(Parameters.java:289)
at org.testng.internal.Parameters.createParametersForMethod(Parameters.java:377)
at org.testng.internal.Parameters.createParameters(Parameters.java:721)
at org.testng.internal.Parameters.handleParameters(Parameters.java:895)
at org.testng.internal.Parameters.handleParameters(Parameters.java:762)
at org.testng.internal.ParameterHandler.handleParameters(ParameterHandler.java:60)
at org.testng.internal.ParameterHandler.createParameters(ParameterHandler.java:39)
at org.testng.internal.TestInvoker$MethodInvocationAgent.invoke(TestInvoker.java:771)
at org.testng.internal.TestInvoker.invokeTestMethods(TestInvoker.java:145)
at org.testng.internal.TestMethodWorker.invokeTestMethods(TestMethodWorker.java:146)
at org.testng.internal.TestMethodWorker.run(TestMethodWorker.java:128)
at java.base/java.util.ArrayList.forEach(ArrayList.java:1507)
at org.testng.TestRunner.privateRun(TestRunner.java:770)
at org.testng.TestRunner.run(TestRunner.java:591)
at org.testng.SuiteRunner.runTest(SuiteRunner.java:402)
at org.testng.SuiteRunner.runSequentially(SuiteRunner.java:396)
at org.testng.SuiteRunner.privateRun(SuiteRunner.java:355)
at org.testng.SuiteRunner.run(SuiteRunner.java:304)
at org.testng.SuiteRunnerWorker.runSuite(SuiteRunnerWorker.java:53)
at org.testng.SuiteRunnerWorker.run(SuiteRunnerWorker.java:96)
at org.testng.TestNG.runSuitesSequentially(TestNG.java:1180)
at org.testng.TestNG.runSuitesLocally(TestNG.java:1102)
at org.testng.TestNG.runSuites(TestNG.java:1032)
at org.testng.TestNG.run(TestNG.java:1000)
at org.testng.remote.AbstractRemoteTestNG.run(AbstractRemoteTestNG.java:115)
at org.testng.remote.RemoteTestNG.initAndRun(RemoteTestNG.java:251)
at org.testng.remote.RemoteTestNG.main(RemoteTestNG.java:77)
]]>
    </failure>
  </testcase> <!-- WebloginCarLoan -->
  <testcase classname="test.day3" name="MobileLogincarLoan" time="0.046"/>
  <testcase classname="test.day2" name="ploan" time="0.006"/>
  <testcase classname="test.day3" name="APIcarLoan" time="0.0">
    <skipped/>
  </testcase> <!-- APIcarLoan -->
  <testcase classname="test.day1" name="Demo" time="0.004"/>
  <testcase classname="test.day1" name="SecondTest" time="0.006"/>
  <testcase classname="test.day3" name="MobilesignimcarLoan" time="0.0">
    <ignored/>
  </testcase> <!-- MobilesignimcarLoan -->
</testsuite> <!-- Default test -->
